<?xml version="1.0" encoding="UTF-8"?>
<testsuite xmlns:xsi="http://www.w3.org/2001/XMLSchema-instance" xsi:noNamespaceSchemaLocation="https://maven.apache.org/surefire/maven-surefire-plugin/xsd/surefire-test-report-3.0.xsd" version="3.0" name="org.example.gateway.ApiGatewayApplicationTests" time="2.927" tests="1" errors="0" skipped="0" failures="0">
  <properties>
[...]
</properties>
  <testcase name="contextLoads" classname="org.example.gateway.ApiGatewayApplicationTests" time="0.629">
    <system-out><![CDATA[23:34:12.020 [main] INFO org.springframework.test.context.support.AnnotationConfigContextLoaderUtils -- Could not detect default configuration classes for test class [org.example.gateway.ApiGatewayApplicationTests]: ApiGatewayApplicationTests does not declare any static, non-private, non-final, nested classes annotated with @Configuration.
23:34:12.098 [main] INFO org.springframework.boot.test.context.SpringBootTestContextBootstrapper -- Found @SpringBootConfiguration org.example.gateway.ApiGatewayApplication for test class org.example.gateway.ApiGatewayApplicationTests

  .   ____          _            __ _ _
 /\\ / ___'_ __ _ _(_)_ __  __ _ \ \ \ \
( ( )\___ | '_ | '_| | '_ \/ _` | \ \ \ \
 \\/  ___)| |_)| | | | | || (_| |  ) ) ) )
  '  |____| .__|_| |_|_| |_\__, | / / / /
 =========|_|==============|___/=/_/_/_/
 :: Spring Boot ::                (v3.2.0)

2026-07-12T23:34:12.545-04:00  INFO 20692 --- [api-gateway] [           main] o.e.gateway.ApiGatewayApplicationTests   : Starting ApiGatewayApplicationTests using Java 21.0.11 with PID 20692 (started by Nico in C:\Users\Nico\Desktop\papeleria-ecommerce\papeleria-ecommerce\papeleria-ecommerce\papeleria-ecommerce\api-gateway)
2026-07-12T23:34:12.547-04:00  INFO 20692 --- [api-gateway] [           main] o.e.gateway.ApiGatewayApplicationTests   : No active profile set, falling back to 1 default profile: "default"
2026-07-12T23:34:13.213-04:00  INFO 20692 --- [api-gateway] [           main] o.s.cloud.context.scope.GenericScope     : BeanFactory id=c83bc470-bcf9-33da-bc5f-78153c63e88f
2026-07-12T23:34:13.918-04:00  INFO 20692 --- [api-gateway] [           main] o.s.c.g.r.RouteDefinitionRouteLocator    : Loaded RoutePredicateFactory [After]
2026-07-12T23:34:13.918-04:00  INFO 20692 --- [api-gateway] [           main] o.s.c.g.r.RouteDefinitionRouteLocator    : Loaded RoutePredicateFactory [Before]
2026-07-12T23:34:13.918-04:00  INFO 20692 --- [api-gateway] [           main] o.s.c.g.r.RouteDefinitionRouteLocator    : Loaded RoutePredicateFactory [Between]
2026-07-12T23:34:13.918-04:00  INFO 20692 --- [api-gateway] [           main] o.s.c.g.r.RouteDefinitionRouteLocator    : Loaded RoutePredicateFactory [Cookie]
2026-07-12T23:34:13.918-04:00  INFO 20692 --- [api-gateway] [           main] o.s.c.g.r.RouteDefinitionRouteLocator    : Loaded RoutePredicateFactory [Header]
2026-07-12T23:34:13.918-04:00  INFO 20692 --- [api-gateway] [           main] o.s.c.g.r.RouteDefinitionRouteLocator    : Loaded RoutePredicateFactory [Host]
2026-07-12T23:34:13.918-04:00  INFO 20692 --- [api-gateway] [           main] o.s.c.g.r.RouteDefinitionRouteLocator    : Loaded RoutePredicateFactory [Method]
2026-07-12T23:34:13.918-04:00  INFO 20692 --- [api-gateway] [           main] o.s.c.g.r.RouteDefinitionRouteLocator    : Loaded RoutePredicateFactory [Path]
2026-07-12T23:34:13.918-04:00  INFO 20692 --- [api-gateway] [           main] o.s.c.g.r.RouteDefinitionRouteLocator    : Loaded RoutePredicateFactory [Query]
2026-07-12T23:34:13.918-04:00  INFO 20692 --- [api-gateway] [           main] o.s.c.g.r.RouteDefinitionRouteLocator    : Loaded RoutePredicateFactory [ReadBody]
2026-07-12T23:34:13.918-04:00  INFO 20692 --- [api-gateway] [           main] o.s.c.g.r.RouteDefinitionRouteLocator    : Loaded RoutePredicateFactory [RemoteAddr]
2026-07-12T23:34:13.918-04:00  INFO 20692 --- [api-gateway] [           main] o.s.c.g.r.RouteDefinitionRouteLocator    : Loaded RoutePredicateFactory [XForwardedRemoteAddr]
2026-07-12T23:34:13.918-04:00  INFO 20692 --- [api-gateway] [           main] o.s.c.g.r.RouteDefinitionRouteLocator    : Loaded RoutePredicateFactory [Weight]
2026-07-12T23:34:13.919-04:00  INFO 20692 --- [api-gateway] [           main] o.s.c.g.r.RouteDefinitionRouteLocator    : Loaded RoutePredicateFactory [CloudFoundryRouteService]
2026-07-12T23:34:14.177-04:00  INFO 20692 --- [api-gateway] [           main] o.e.gateway.ApiGatewayApplicationTests   : Started ApiGatewayApplicationTests in 1.971 seconds (process running for 2.708)
]]></system-out>
    <system-err><![CDATA[WARNING: A Java agent has been loaded dynamically (C:\Users\Nico\.m2\repository\net\bytebuddy\byte-buddy-agent\1.14.10\byte-buddy-agent-1.14.10.jar)
WARNING: If a serviceability tool is in use, please run with -XX:+EnableDynamicAgentLoading to hide this warning
WARNING: If a serviceability tool is not in use, please run with -Djdk.instrument.traceUsage for more information
WARNING: Dynamic loading of agents will be disallowed by default in a future release
]]></system-err>
  </testcase>
</testsuite>